<?xml version="1.0" encoding="UTF-8"?>
<!-- Generated by org.testng.reporters.JUnitReportReporter -->
<testsuite ignored="0" hostname="Users-MacBook-Pro.local" failures="0" tests="5" name="api.test.UserTests" time="8.591" errors="0" timestamp="31 Mar 2024 09:06:25 GMT" skipped="0">
  <testcase classname="api.test.UserTests" name="testPostUser" time="2.398"/>
  <testcase classname="api.test.UserTests" name="testDeleteUserByName" time="1.296"/>
  <testcase classname="api.test.UserTests" name="testUpdateUserByName" time="2.742"/>
  <testcase classname="api.test.UserTests" name="testGetUserByName" time="1.098"/>
  <testcase classname="api.test.UserTests" name="testGetUserByUpdatedName" time="1.057"/>
</testsuite> <!-- api.test.UserTests -->
