<?xml version="1.0" encoding="UTF-8"?>
<!-- Generated by org.testng.reporters.JUnitReportReporter -->
<testsuite ignored="0" hostname="Users-MacBook-Pro.local" failures="0" tests="6" name="api.test.DataDrivenTests" time="6.902" errors="0" timestamp="31 Mar 2024 09:06:25 GMT" skipped="0">
  <testcase classname="api.test.DataDrivenTests" name="testPostUser" time="1.058"/>
  <testcase classname="api.test.DataDrivenTests" name="testPostUser" time="1.352"/>
  <testcase classname="api.test.DataDrivenTests" name="testPostUser" time="1.180"/>
  <testcase classname="api.test.DataDrivenTests" name="testDeleteUserByName" time="1.180"/>
  <testcase classname="api.test.DataDrivenTests" name="testDeleteUserByName" time="1.085"/>
  <testcase classname="api.test.DataDrivenTests" name="testDeleteUserByName" time="1.047"/>
</testsuite> <!-- api.test.DataDrivenTests -->
