<?xml version="1.0" encoding="UTF-8"?>
<!-- Generated by org.testng.reporters.JUnitReportReporter -->
<testsuite ignored="0" hostname="Users-MacBook-Pro.local" failures="0" tests="5" name="api.test.UserTests2" time="8.105" errors="0" timestamp="01 Apr 2024 16:46:43 GMT" skipped="0">
  <testcase classname="api.test.UserTests2" name="testUpdateUserByName" time="2.117"/>
  <testcase classname="api.test.UserTests2" name="testDeleteUserByName" time="1.213"/>
  <testcase classname="api.test.UserTests2" name="testGetUserByName" time="1.058"/>
  <testcase classname="api.test.UserTests2" name="testGetUserByUpdatedName" time="1.057"/>
  <testcase classname="api.test.UserTests2" name="testPostUser" time="2.660"/>
</testsuite> <!-- api.test.UserTests2 -->
