<?xml version="1.0" encoding="UTF-8"?>
<!-- Generated by org.testng.reporters.JUnitReportReporter -->
<testsuite name="api.test.testDataprovider" tests="2" time="0.020" ignored="0" failures="0" timestamp="25 Mar 2024 17:10:43 GMT" skipped="0" hostname="nayans-MacBook-Pro.local" errors="0">
  <testcase name="testLogin" time="0.018" classname="api.test.testDataprovider"/>
  <testcase name="testLogin" time="0.002" classname="api.test.testDataprovider"/>
</testsuite> <!-- api.test.testDataprovider -->
