<?xml version="1.0" encoding="UTF-8"?>
<!-- Generated by org.testng.reporters.JUnitReportReporter -->
<testsuite ignored="0" hostname="Users-MacBook-Pro.local" failures="0" tests="5" name="api.test.UserTests" time="8.012" errors="0" timestamp="31 Mar 2024 09:08:10 GMT" skipped="0">
  <testcase classname="api.test.UserTests" name="testGetUserByUpdatedName" time="1.058"/>
  <testcase classname="api.test.UserTests" name="testUpdateUserByName" time="2.286"/>
  <testcase classname="api.test.UserTests" name="testDeleteUserByName" time="1.045"/>
  <testcase classname="api.test.UserTests" name="testPostUser" time="2.566"/>
  <testcase classname="api.test.UserTests" name="testGetUserByName" time="1.057"/>
</testsuite> <!-- api.test.UserTests -->
