<?xml version="1.0" encoding="UTF-8"?>
<!-- Generated by org.testng.reporters.JUnitReportReporter -->
<testsuite ignored="0" hostname="Users-MacBook-Pro.local" failures="0" tests="6" name="api.test.DataDrivenTests" time="8.067" errors="0" timestamp="31 Mar 2024 06:30:29 GMT" skipped="0">
  <testcase classname="api.test.DataDrivenTests" name="testPostUser" time="1.063"/>
  <testcase classname="api.test.DataDrivenTests" name="testDeleteUserByName" time="1.066"/>
  <testcase classname="api.test.DataDrivenTests" name="testDeleteUserByName" time="1.154"/>
  <testcase classname="api.test.DataDrivenTests" name="testDeleteUserByName" time="1.158"/>
  <testcase classname="api.test.DataDrivenTests" name="testPostUser" time="2.452"/>
  <testcase classname="api.test.DataDrivenTests" name="testPostUser" time="1.174"/>
</testsuite> <!-- api.test.DataDrivenTests -->
